

Started GET "/" for 127.0.0.1 at 2014-10-16 17:10:03 -0700
Processing by Rails::WelcomeController#index as HTML
  Rendered /Users/apprentice/.rvm/gems/ruby-1.9.3-p448/gems/railties-4.1.5/lib/rails/templates/rails/welcome/index.html.erb (2.7ms)
Completed 200 OK in 65ms (Views: 42.9ms | ActiveRecord: 0.0ms)


Started GET "/" for 127.0.0.1 at 2014-10-16 17:18:46 -0700
Processing by UsersController#index as HTML
Completed 500 Internal Server Error in 9ms

NameError (uninitialized constant UsersController::User):
  app/controllers/users_controller.rb:3:in `index'


  Rendered /Users/apprentice/.rvm/gems/ruby-1.9.3-p448/gems/actionpack-4.1.5/lib/action_dispatch/middleware/templates/rescues/_source.erb (0.7ms)
  Rendered /Users/apprentice/.rvm/gems/ruby-1.9.3-p448/gems/actionpack-4.1.5/lib/action_dispatch/middleware/templates/rescues/_trace.html.erb (1.0ms)
  Rendered /Users/apprentice/.rvm/gems/ruby-1.9.3-p448/gems/actionpack-4.1.5/lib/action_dispatch/middleware/templates/rescues/_request_and_response.html.erb (0.8ms)
  Rendered /Users/apprentice/.rvm/gems/ruby-1.9.3-p448/gems/actionpack-4.1.5/lib/action_dispatch/middleware/templates/rescues/diagnostics.erb within rescues/layout (19.5ms)
  [1m[36m (33.6ms)[0m  [1mCREATE TABLE "schema_migrations" ("version" character varying(255) NOT NULL) [0m
  [1m[35m (1.7ms)[0m  CREATE UNIQUE INDEX  "unique_schema_migrations" ON "schema_migrations"  ("version")
  [1m[36mActiveRecord::SchemaMigration Load (0.3ms)[0m  [1mSELECT "schema_migrations".* FROM "schema_migrations"[0m
Migrating to CreateUsers (20141017001909)
  [1m[35m (0.1ms)[0m  BEGIN
  [1m[36m (35.9ms)[0m  [1mCREATE TABLE "users" ("id" serial primary key, "username" character varying(255), "password_hash" character varying(255), "type" character varying(255)) [0m
  [1m[35mSQL (15.6ms)[0m  INSERT INTO "schema_migrations" ("version") VALUES ($1)  [["version", "20141017001909"]]
  [1m[36m (14.8ms)[0m  [1mCOMMIT[0m
  [1m[35mActiveRecord::SchemaMigration Load (0.5ms)[0m  SELECT "schema_migrations".* FROM "schema_migrations"
  [1m[36mActiveRecord::SchemaMigration Load (0.4ms)[0m  [1mSELECT "schema_migrations".* FROM "schema_migrations"[0m
  [1m[36mActiveRecord::SchemaMigration Load (0.5ms)[0m  [1mSELECT "schema_migrations".* FROM "schema_migrations"[0m
  [1m[36mActiveRecord::SchemaMigration Load (0.5ms)[0m  [1mSELECT "schema_migrations".* FROM "schema_migrations"[0m
  [1m[36mActiveRecord::SchemaMigration Load (0.4ms)[0m  [1mSELECT "schema_migrations".* FROM "schema_migrations"[0m
  [1m[36m (2.3ms)[0m  [1mCREATE TABLE "schema_migrations" ("version" character varying(255) NOT NULL) [0m
  [1m[35m (1.4ms)[0m  CREATE UNIQUE INDEX  "unique_schema_migrations" ON "schema_migrations"  ("version")
  [1m[36mActiveRecord::SchemaMigration Load (0.3ms)[0m  [1mSELECT "schema_migrations".* FROM "schema_migrations"[0m
Migrating to CreateUsers (20141017001909)
  [1m[35m (0.1ms)[0m  BEGIN
  [1m[36m (3.4ms)[0m  [1mCREATE TABLE "users" ("id" serial primary key, "username" character varying(255), "password_hash" character varying(255), "level" character varying(255)) [0m
  [1m[35mSQL (0.5ms)[0m  INSERT INTO "schema_migrations" ("version") VALUES ($1)  [["version", "20141017001909"]]
  [1m[36m (0.5ms)[0m  [1mCOMMIT[0m
  [1m[35mActiveRecord::SchemaMigration Load (0.2ms)[0m  SELECT "schema_migrations".* FROM "schema_migrations"
  [1m[36mActiveRecord::SchemaMigration Load (0.4ms)[0m  [1mSELECT "schema_migrations".* FROM "schema_migrations"[0m
  [1m[35m (0.1ms)[0m  BEGIN
  [1m[36mSQL (1.0ms)[0m  [1mINSERT INTO "users" ("level", "password_hash", "username") VALUES ($1, $2, $3) RETURNING "id"[0m  [["level", "admin"], ["password_hash", "1234"], ["username", "mySchool"]]
  [1m[35m (4.1ms)[0m  COMMIT


Started GET "/" for 127.0.0.1 at 2014-10-16 17:25:17 -0700
  [1m[36mActiveRecord::SchemaMigration Load (0.5ms)[0m  [1mSELECT "schema_migrations".* FROM "schema_migrations"[0m
Processing by UsersController#index as HTML
  Rendered users/index.html.erb within layouts/application (6.6ms)
Completed 500 Internal Server Error in 28ms

ActionView::Template::Error (No route matches {:action=>"process_login", :controller=>"users"}):
    2: 
    3:   <div class="login">
    4:     <h2>Login</h2>
    5:       <%= form_tag :action => 'process_login' do %>
    6:         <%= label_tag(:username, "Username: ") %>
    7:         <%= text_field_tag(:username) %>
    8:       <br>
  app/views/users/index.html.erb:5:in `_app_views_users_index_html_erb___1079181339903846803_70169998878960'


  Rendered /Users/apprentice/.rvm/gems/ruby-1.9.3-p448/gems/actionpack-4.1.5/lib/action_dispatch/middleware/templates/rescues/_trace.html.erb (1.2ms)
  Rendered /Users/apprentice/.rvm/gems/ruby-1.9.3-p448/gems/actionpack-4.1.5/lib/action_dispatch/middleware/templates/rescues/_request_and_response.html.erb (0.9ms)
  Rendered /Users/apprentice/.rvm/gems/ruby-1.9.3-p448/gems/actionpack-4.1.5/lib/action_dispatch/middleware/templates/rescues/template_error.html.erb within rescues/layout (11.5ms)


Started GET "/" for 127.0.0.1 at 2014-10-16 17:25:34 -0700
Processing by UsersController#index as HTML
  Rendered users/index.html.erb within layouts/application (1.3ms)
Completed 500 Internal Server Error in 8ms

ActionView::Template::Error (No route matches {:action=>"process_login", :controller=>"users"}):
    2: 
    3:   <div class="login">
    4:     <h2>Login</h2>
    5:       <%= form_tag :action => 'process_login' do %>
    6:         <%= label_tag(:username, "Username: ") %>
    7:         <%= text_field_tag(:username) %>
    8:       <br>
  app/views/users/index.html.erb:5:in `_app_views_users_index_html_erb___1079181339903846803_70169998878960'


  Rendered /Users/apprentice/.rvm/gems/ruby-1.9.3-p448/gems/actionpack-4.1.5/lib/action_dispatch/middleware/templates/rescues/_trace.html.erb (1.2ms)
  Rendered /Users/apprentice/.rvm/gems/ruby-1.9.3-p448/gems/actionpack-4.1.5/lib/action_dispatch/middleware/templates/rescues/_request_and_response.html.erb (0.8ms)
  Rendered /Users/apprentice/.rvm/gems/ruby-1.9.3-p448/gems/actionpack-4.1.5/lib/action_dispatch/middleware/templates/rescues/template_error.html.erb within rescues/layout (10.0ms)


Started GET "/" for 127.0.0.1 at 2014-10-16 17:25:44 -0700
Processing by UsersController#index as HTML
  Rendered users/index.html.erb within layouts/application (0.9ms)
Completed 500 Internal Server Error in 3ms

ActionView::Template::Error (No route matches {:action=>"process_login", :controller=>"users"}):
    2: 
    3:   <div class="login">
    4:     <h2>Login</h2>
    5:       <%= form_tag :action => 'process_login' do %>
    6:         <%= label_tag(:username, "Username: ") %>
    7:         <%= text_field_tag(:username) %>
    8:       <br>
  app/views/users/index.html.erb:5:in `_app_views_users_index_html_erb___1079181339903846803_70169998878960'


  Rendered /Users/apprentice/.rvm/gems/ruby-1.9.3-p448/gems/actionpack-4.1.5/lib/action_dispatch/middleware/templates/rescues/_trace.html.erb (1.2ms)
  Rendered /Users/apprentice/.rvm/gems/ruby-1.9.3-p448/gems/actionpack-4.1.5/lib/action_dispatch/middleware/templates/rescues/_request_and_response.html.erb (0.8ms)
  Rendered /Users/apprentice/.rvm/gems/ruby-1.9.3-p448/gems/actionpack-4.1.5/lib/action_dispatch/middleware/templates/rescues/template_error.html.erb within rescues/layout (10.0ms)
  [1m[36m (130.3ms)[0m  [1mDROP DATABASE IF EXISTS "ShieldED_test"[0m
  [1m[35m (260.4ms)[0m  CREATE DATABASE "ShieldED_test" ENCODING = 'unicode'
  [1m[36mSQL (4.9ms)[0m  [1mCREATE EXTENSION IF NOT EXISTS "plpgsql"[0m
  [1m[35m (18.5ms)[0m  CREATE TABLE "users" ("id" serial primary key, "username" character varying(255), "password_hash" character varying(255), "level" character varying(255)) 
  [1m[36m (1.8ms)[0m  [1mCREATE TABLE "schema_migrations" ("version" character varying(255) NOT NULL) [0m
  [1m[35m (2.3ms)[0m  CREATE UNIQUE INDEX  "unique_schema_migrations" ON "schema_migrations"  ("version")
  [1m[36m (0.7ms)[0m  [1mSELECT version FROM "schema_migrations"[0m
  [1m[35m (1.5ms)[0m  INSERT INTO "schema_migrations" (version) VALUES ('20141017001909')
